[debug] [2020-02-17T14:24:59.754Z] ----------------------------------------------------------------------
[debug] [2020-02-17T14:24:59.760Z] Command:       C:\Program Files\nodejs\node.exe C:\Users\Sanjay\AppData\Roaming\npm\node_modules\firebase-tools\lib\bin\firebase.js init
[debug] [2020-02-17T14:24:59.761Z] CLI Version:   7.11.0
[debug] [2020-02-17T14:24:59.761Z] Platform:      win32
[debug] [2020-02-17T14:24:59.761Z] Node Version:  v10.15.2
[debug] [2020-02-17T14:24:59.763Z] Time:          Mon Feb 17 2020 19:54:59 GMT+0530 (India Standard Time)
[debug] [2020-02-17T14:24:59.763Z] ----------------------------------------------------------------------
[debug] [2020-02-17T14:24:59.764Z] 
[debug] [2020-02-17T14:24:59.784Z] > command requires scopes: ["email","openid","https://www.googleapis.com/auth/cloudplatformprojects.readonly","https://www.googleapis.com/auth/firebase","https://www.googleapis.com/auth/cloud-platform"]
[debug] [2020-02-17T14:24:59.785Z] > authorizing via signed-in user
[info] 
     ######## #### ########  ######## ########     ###     ######  ########
     ##        ##  ##     ## ##       ##     ##  ##   ##  ##       ##
     ######    ##  ########  ######   ########  #########  ######  ######
     ##        ##  ##    ##  ##       ##     ## ##     ##       ## ##
     ##       #### ##     ## ######## ########  ##     ##  ######  ########

You're about to initialize a Firebase project in this directory:

  D:\hackthon\eboard

Before we get started, keep in mind:

  * You are initializing in an existing Firebase project directory

